listening at port 3000
GET /findEvents/New%20York
GET /search?origin=SFOA&destination=NYCA&departDate=2015-11-21&arriveDate=2015-11-30
GET /validCities/1000
GET /validCities/10000
GET /findEvents/Dubai
GET /findEvents/Mazar-I-Sharif
GET /findEvents/Tirana
GET /findEvents/Yerevan
GET /findEvents/Luanda
GET /findEvents/Vienna
GET /findEvents/Perth
GET /findEvents/Sydney
GET /findEvents/Oranjestad
GET /findEvents/Baku
GET /findEvents/Sarajevo
GET /findEvents/Bridgetown
GET /findEvents/Dhaka
GET /findEvents/Brussels
GET /findEvents/Ouagadougou
GET /findEvents/Sofia
GET /findEvents/Bahrain
GET /findEvents/Cotonou
GET /findEvents/Hamilton
GET /findEvents/Bonaire
GET /findEvents/Nassau
GET /findEvents/Gaborone
GET /findEvents/Minsk
GET /findEvents/Vancouver
GET /findEvents/Vancouver
GET /findEvents/Kinshasa
GET /findEvents/Zurich
GET /findEvents/Basel
GET /findEvents/Abidjan
GET /findEvents/Rarotonga
GET /findEvents/Santiago
GET /findEvents/Douala
GET /findEvents/Beijing
GET /findEvents/Shanghai
GET /findEvents/Cartagena
GET /findEvents/Havana
GET /findEvents/Curacao
GET /findEvents/Larnaca
GET /findEvents/Prague
GET /findEvents/Munich
GET /findEvents/Stuttgart
GET /findEvents/Djibouti
GET /findEvents/Copenhagen
GET /findEvents/Copenhagen
GET /findEvents/Dominica
GET /findEvents/Santiago
GET /findEvents/Constantine
GET /findEvents/Quito
GET /findEvents/Tallinn
GET /findEvents/Cairo
GET /findEvents/Madrid
GET /findEvents/Helsinki
GET /findEvents/Nadi
GET /findEvents/Paris
GET /findEvents/Paris
GET /findEvents/Tbilisi
GET /findEvents/Cayenne
GET /findEvents/Accra
GET /findEvents/Gibraltar
GET /findEvents/Pointe-a-Pitre
GET /findEvents/Thessaloniki
GET /validCities/10000
GET /findEvents/Georgetown
GET /findEvents/Zagreb
GET /findEvents/Budapest
GET /findEvents/Dublin
GET /findEvents/Dublin
GET /findEvents/Delhi
GET /findEvents/Delhi
GET /findEvents/Baghdad
GET /findEvents/Tehran
GET /findEvents/Reykjavik
GET /findEvents/Turin
GET /findEvents/Amman
GET /findEvents/Okinawa
GET /findEvents/Tokyo
GET /findEvents/Nairobi
GET /findEvents/Bishkek
GET /findEvents/Basseterre
GET /findEvents/Pristina
GET /findEvents/Seoul
GET /findEvents/Seoul
GET /findEvents/Kuwait
GET /findEvents/Almaty
GET /findEvents/Vientiane
GET /findEvents/Beirut
GET /findEvents/Castries
GET /findEvents/Colombo
GET /findEvents/Vilnius
GET /findEvents/Luxembourg
GET /findEvents/Riga
GET /findEvents/Tripoli
GET /findEvents/Casablanca
GET /findEvents/Chisinau
GET /findEvents/Podgorica
GET /findEvents/Antananarivo
GET /findEvents/Skopje
GET /findEvents/Bamako
GET /findEvents/Yangon
GET /findEvents/Ulaanbaatar
GET /findEvents/Macau
GET /findEvents/Nouakchott
GET /findEvents/Luqa
GET /findEvents/Mauritius
GET /findEvents/Male
GET /findEvents/Lilongwe
GET /findEvents/Cancun
GET /findEvents/Cancun
GET /findEvents/Beira
GET /findEvents/Windhoek
GET /findEvents/Noumea
GET /findEvents/Lagos
GET /findEvents/Managua
GET /findEvents/Amsterdam
GET /findEvents/Amsterdam
GET /findEvents/Oslo
GET /findEvents/Kathmandu
GET /findEvents/Christchurch
GET /findEvents/Auckland
GET /findEvents/Muscat
GET /findEvents/Lima
GET /findEvents/Papeete
GET /findEvents/Manila
GET /findEvents/Manila
GET /findEvents/Islamabad
GET /findEvents/Warsaw
GET /findEvents/Porto
GET /findEvents/Koror
GET /findEvents/Doha
GET /findEvents/Saint-Denis
GET /findEvents/Bucharest
GET /findEvents/Belgrade
GET /findEvents/Moscow
GET /findEvents/Kigali
GET /findEvents/Jeddah
GET /findEvents/Honiara
GET /findEvents/Khartoum
GET /findEvents/Stockholm
GET /findEvents/Singapore
GET /findEvents/Ljubljana
GET /findEvents/Freetown
GET /findEvents/Dakar
GET /findEvents/Hargeisa
GET /findEvents/Providenciales
GET /findEvents/N'Djamena
GET /findEvents/Lome
GET /findEvents/Bangkok
GET /findEvents/Dushanbe
GET /findEvents/Istanbul
GET /findEvents/Istanbul
GET /findEvents/Taipei
GET /findEvents/Taipei
GET /findEvents/Kilimanjaro
GET /findEvents/Odessa
GET /findEvents/Entebbe
GET /findEvents/London
GET /findEvents/London
GET /findEvents/Portland
GET /findEvents/Montevideo
GET /findEvents/Tashkent
GET /findEvents/Kingstown
GET /findEvents/Caracas
GET /findEvents/Apia
GET /findEvents/Johannesburg
GET /findEvents/Lusaka
GET /findEvents/Dili
GET /findEvents/Bujumbura
GET /findEvents/Sal
GET /findEvents/Banjul
GET /findEvents/Monrovia
GET /findEvents/Nuuk
GET /findEvents/Tongatapu
GET /findEvents/Saipan
GET /findEvents/Paramaribo
GET /findEvents/Sorvagur
GET /findEvents/Simferopol
GET /findEvents/Kosice
GET /findEvents/Juba
GET /validCities/10000
GET /findEvents/Dubai
GET /findEvents/Mazar-I-Sharif
GET /findEvents/Tirana
GET /findEvents/Yerevan
GET /findEvents/Luanda
GET /findEvents/Vienna
GET /findEvents/Perth
GET /findEvents/Sydney
GET /findEvents/Oranjestad
GET /findEvents/Baku
GET /findEvents/Sarajevo
GET /findEvents/Bridgetown
GET /findEvents/Dhaka
GET /findEvents/Brussels
GET /findEvents/Ouagadougou
GET /findEvents/Sofia
GET /findEvents/Bahrain
GET /findEvents/Cotonou
GET /findEvents/Hamilton
GET /findEvents/Bonaire
GET /findEvents/Nassau
GET /findEvents/Gaborone
GET /findEvents/Minsk
GET /findEvents/Vancouver
GET /findEvents/Vancouver
GET /findEvents/Kinshasa
GET /findEvents/Zurich
GET /findEvents/Basel
GET /findEvents/Abidjan
GET /findEvents/Rarotonga
GET /findEvents/Santiago
GET /findEvents/Douala
GET /findEvents/Beijing
GET /findEvents/Shanghai
GET /findEvents/Cartagena
GET /findEvents/Havana
GET /findEvents/Curacao
GET /findEvents/Larnaca
GET /findEvents/Prague
GET /findEvents/Munich
GET /findEvents/Stuttgart
GET /findEvents/Djibouti
GET /findEvents/Copenhagen
GET /findEvents/Copenhagen
GET /findEvents/Dominica
GET /findEvents/Santiago
GET /findEvents/Constantine
GET /findEvents/Quito
GET /findEvents/Tallinn
GET /findEvents/Cairo
GET /findEvents/Madrid
GET /findEvents/Helsinki
GET /findEvents/Nadi
GET /findEvents/Paris
GET /findEvents/Paris
GET /findEvents/Tbilisi
GET /findEvents/Cayenne
GET /findEvents/Accra
GET /findEvents/Gibraltar
GET /findEvents/Pointe-a-Pitre
GET /findEvents/Thessaloniki
GET /findEvents/Georgetown
GET /findEvents/Zagreb
GET /findEvents/Budapest
GET /findEvents/Dublin
GET /findEvents/Dublin
GET /findEvents/Delhi
GET /findEvents/Delhi
GET /findEvents/Baghdad
GET /findEvents/Tehran
GET /findEvents/Reykjavik
GET /findEvents/Turin
GET /findEvents/Amman
GET /findEvents/Okinawa
GET /findEvents/Tokyo
GET /findEvents/Nairobi
GET /findEvents/Bishkek
GET /findEvents/Basseterre
GET /findEvents/Pristina
GET /findEvents/Seoul
GET /findEvents/Seoul
GET /findEvents/Kuwait
GET /findEvents/Almaty
GET /findEvents/Vientiane
GET /findEvents/Beirut
GET /findEvents/Castries
GET /findEvents/Colombo
GET /findEvents/Vilnius
GET /findEvents/Luxembourg
GET /findEvents/Riga
GET /findEvents/Tripoli
GET /findEvents/Casablanca
GET /findEvents/Chisinau
GET /findEvents/Podgorica
GET /findEvents/Antananarivo
GET /findEvents/Skopje
GET /findEvents/Bamako
GET /findEvents/Yangon
GET /findEvents/Ulaanbaatar
GET /findEvents/Macau
GET /findEvents/Nouakchott
GET /findEvents/Luqa
GET /findEvents/Mauritius
GET /findEvents/Male
GET /findEvents/Lilongwe
GET /findEvents/Cancun
GET /findEvents/Cancun
GET /findEvents/Beira
GET /findEvents/Windhoek
GET /findEvents/Noumea
GET /findEvents/Lagos
GET /findEvents/Managua
GET /findEvents/Amsterdam
GET /findEvents/Amsterdam
GET /findEvents/Oslo
GET /findEvents/Kathmandu
GET /findEvents/Christchurch
GET /findEvents/Auckland
GET /findEvents/Muscat
GET /findEvents/Lima
GET /findEvents/Papeete
GET /findEvents/Manila
GET /findEvents/Manila
GET /findEvents/Islamabad
GET /findEvents/Warsaw
GET /findEvents/Porto
GET /findEvents/Koror
GET /findEvents/Doha
GET /findEvents/Saint-Denis
GET /findEvents/Bucharest
GET /findEvents/Belgrade
GET /findEvents/Moscow
GET /findEvents/Kigali
GET /findEvents/Jeddah
GET /findEvents/Honiara
GET /findEvents/Khartoum
GET /findEvents/Stockholm
GET /findEvents/Singapore
GET /findEvents/Ljubljana
GET /findEvents/Freetown
GET /findEvents/Dakar
GET /findEvents/Hargeisa
GET /findEvents/Providenciales
GET /findEvents/N'Djamena
GET /findEvents/Lome
GET /findEvents/Bangkok
GET /findEvents/Dushanbe
GET /findEvents/Istanbul
GET /findEvents/Istanbul
GET /findEvents/Taipei
GET /findEvents/Taipei
GET /findEvents/New%20York
GET /findEvents/Kilimanjaro
GET /favicon.ico
GET /findEvents/Odessa
GET /findEvents/Entebbe
GET /findEvents/London
GET /findEvents/London
GET /findEvents/Portland
GET /findEvents/Montevideo
GET /findEvents/Tashkent
GET /findEvents/Kingstown
GET /findEvents/Caracas
GET /findEvents/Apia
GET /findEvents/Johannesburg
GET /findEvents/Lusaka
GET /findEvents/Dili
GET /findEvents/Bujumbura
GET /findEvents/Sal
GET /findEvents/Banjul
GET /findEvents/Monrovia
GET /findEvents/Nuuk
GET /findEvents/Tongatapu
GET /findEvents/Saipan
GET /findEvents/Paramaribo
GET /findEvents/Sorvagur
GET /findEvents/Simferopol
GET /findEvents/Kosice
GET /findEvents/Juba
GET /validCities/10000
GET /findEvents/Dubai
GET /findEvents/Mazar-I-Sharif
GET /findEvents/Tirana
GET /findEvents/Yerevan
GET /findEvents/Luanda
GET /findEvents/Vienna
GET /findEvents/Perth
GET /findEvents/Sydney
GET /findEvents/Oranjestad
GET /findEvents/Baku
GET /findEvents/Sarajevo
GET /findEvents/Bridgetown
GET /findEvents/Dhaka
GET /findEvents/Brussels
GET /findEvents/Ouagadougou
GET /findEvents/Sofia
GET /findEvents/Bahrain
GET /findEvents/Cotonou
GET /findEvents/Hamilton
GET /findEvents/Bonaire
GET /findEvents/Nassau
GET /findEvents/New%20York
GET /findEvents/Gaborone
GET /findEvents/Minsk
GET /findEvents/Vancouver
GET /findEvents/Vancouver
GET /findEvents/Kinshasa
GET /findEvents/Zurich
GET /findEvents/Basel
GET /findEvents/Abidjan
GET /findEvents/Rarotonga
GET /findEvents/Santiago
GET /findEvents/Douala
GET /findEvents/Beijing
GET /findEvents/Shanghai
GET /findEvents/Cartagena
GET /findEvents/Havana
GET /findEvents/Curacao
GET /findEvents/Larnaca
GET /findEvents/Prague
GET /findEvents/Munich
GET /findEvents/Stuttgart
GET /findEvents/Djibouti
GET /findEvents/Copenhagen
GET /findEvents/Copenhagen
GET /findEvents/Dominica
GET /findEvents/Santiago
GET /findEvents/Constantine
GET /findEvents/Quito
GET /findEvents/Tallinn
GET /findEvents/Cairo
GET /findEvents/Madrid
GET /findEvents/Helsinki
GET /findEvents/Nadi
GET /findEvents/Paris
GET /findEvents/Paris
GET /findEvents/Tbilisi
GET /findEvents/Cayenne
GET /findEvents/Accra
GET /findEvents/Gibraltar
GET /findEvents/Pointe-a-Pitre
GET /findEvents/Thessaloniki
GET /findEvents/Georgetown
GET /findEvents/Zagreb
GET /findEvents/Budapest
GET /findEvents/Dublin
GET /findEvents/Dublin
GET /findEvents/Delhi
GET /findEvents/Delhi
GET /findEvents/Baghdad
GET /findEvents/Tehran
GET /findEvents/Reykjavik
GET /findEvents/Turin
GET /findEvents/Amman
GET /findEvents/Okinawa
GET /findEvents/Tokyo
GET /findEvents/Nairobi
GET /findEvents/Bishkek
GET /findEvents/Basseterre
GET /findEvents/Pristina
GET /findEvents/Seoul
GET /findEvents/Seoul
GET /findEvents/Kuwait
GET /findEvents/Almaty
GET /findEvents/Vientiane
GET /findEvents/Beirut
GET /findEvents/Castries
GET /findEvents/Colombo
GET /findEvents/Vilnius
GET /findEvents/Luxembourg
GET /findEvents/Riga
GET /findEvents/Tripoli
GET /findEvents/Casablanca
GET /findEvents/Chisinau
GET /findEvents/Podgorica
GET /findEvents/Antananarivo
GET /findEvents/Skopje
GET /findEvents/Bamako
GET /findEvents/Yangon
GET /findEvents/Ulaanbaatar
GET /findEvents/Macau
GET /findEvents/Nouakchott
GET /findEvents/Luqa
GET /findEvents/Mauritius
GET /findEvents/Male
GET /findEvents/Lilongwe
GET /findEvents/Cancun
GET /findEvents/Cancun
GET /findEvents/Beira
GET /findEvents/Windhoek
GET /findEvents/Noumea
GET /findEvents/Lagos
GET /findEvents/Managua
GET /findEvents/Amsterdam
GET /findEvents/Amsterdam
GET /findEvents/Oslo
GET /findEvents/Kathmandu
GET /findEvents/Christchurch
GET /findEvents/Auckland
GET /findEvents/Muscat
GET /findEvents/New%20York
GET /findEvents/Lima
GET /findEvents/Papeete
GET /findEvents/Manila
GET /findEvents/Manila
GET /findEvents/Islamabad
GET /findEvents/Warsaw
GET /findEvents/Porto
GET /findEvents/Koror
GET /findEvents/Doha
GET /findEvents/Saint-Denis
GET /findEvents/Bucharest
GET /findEvents/Belgrade
GET /findEvents/Moscow
GET /findEvents/Kigali
GET /findEvents/Jeddah
GET /findEvents/Honiara
GET /findEvents/Khartoum
GET /findEvents/Stockholm
GET /findEvents/New%20York
GET /findEvents/Singapore
GET /findEvents/Ljubljana
GET /findEvents/Freetown
GET /findEvents/Dakar
GET /findEvents/New%20York
GET /findEvents/Hargeisa
GET /findEvents/Providenciales
GET /findEvents/N'Djamena
GET /findEvents/Lome
GET /findEvents/Bangkok
GET /findEvents/Dushanbe
GET /findEvents/Istanbul
GET /findEvents/Istanbul
GET /findEvents/Taipei
GET /findEvents/Taipei
GET /findEvents/Kilimanjaro
GET /findEvents/Odessa
GET /findEvents/Entebbe
GET /findEvents/London
GET /findEvents/London
GET /findEvents/Portland
GET /findEvents/Montevideo
GET /findEvents/Tashkent
GET /findEvents/Kingstown
GET /findEvents/Caracas
GET /findEvents/Apia
GET /findEvents/Johannesburg
GET /findEvents/Lusaka
GET /findEvents/Dili
GET /findEvents/Bujumbura
GET /findEvents/Sal
GET /findEvents/Banjul
GET /findEvents/Monrovia
GET /findEvents/Nuuk
GET /findEvents/Tongatapu
GET /findEvents/Saipan
GET /findEvents/Paramaribo
GET /findEvents/Sorvagur
GET /findEvents/Simferopol
GET /findEvents/Kosice
GET /findEvents/Juba
GET /validCities/10000
GET /findEvents/Dubai
GET /findEvents/Mazar-I-Sharif
GET /findEvents/Tirana
GET /findEvents/Yerevan
GET /findEvents/Luanda
GET /findEvents/Vienna
GET /findEvents/Perth
GET /findEvents/Sydney
GET /findEvents/Oranjestad
GET /findEvents/Baku
GET /findEvents/Sarajevo
GET /findEvents/Bridgetown
GET /findEvents/Dhaka
GET /findEvents/Brussels
GET /findEvents/Ouagadougou
GET /findEvents/Sofia
GET /findEvents/Bahrain
GET /findEvents/Cotonou
GET /findEvents/Hamilton
GET /findEvents/Bonaire
GET /findEvents/Nassau
GET /findEvents/Gaborone
GET /findEvents/Minsk
GET /findEvents/Vancouver
GET /findEvents/Vancouver
GET /findEvents/Kinshasa
GET /findEvents/Zurich
GET /findEvents/Basel
GET /findEvents/Abidjan
GET /findEvents/Rarotonga
GET /findEvents/Santiago
GET /findEvents/Douala
GET /findEvents/Beijing
GET /findEvents/Shanghai
GET /findEvents/Cartagena
GET /findEvents/Havana
GET /findEvents/Curacao
GET /findEvents/Larnaca
GET /findEvents/Prague
GET /findEvents/Munich
GET /findEvents/Stuttgart
GET /findEvents/Djibouti
GET /findEvents/Copenhagen
GET /findEvents/Copenhagen
GET /findEvents/Dominica
GET /findEvents/Santiago
GET /findEvents/Constantine
GET /findEvents/Quito
GET /findEvents/Tallinn
GET /findEvents/Cairo
GET /findEvents/Madrid
GET /findEvents/Helsinki
GET /findEvents/Nadi
GET /findEvents/Paris
GET /findEvents/Paris
GET /findEvents/Tbilisi
GET /findEvents/Cayenne
GET /findEvents/Accra
GET /findEvents/Gibraltar
GET /findEvents/Pointe-a-Pitre
GET /findEvents/Thessaloniki
GET /findEvents/Georgetown
GET /findEvents/Zagreb
GET /findEvents/Budapest
GET /findEvents/Dublin
GET /findEvents/Dublin
GET /findEvents/Delhi
GET /findEvents/Delhi
GET /findEvents/Baghdad
GET /findEvents/Tehran
GET /findEvents/Reykjavik
GET /findEvents/Turin
GET /findEvents/Amman
GET /findEvents/Okinawa
GET /findEvents/Tokyo
GET /findEvents/Nairobi
GET /findEvents/Bishkek
GET /findEvents/Basseterre
GET /findEvents/Pristina
GET /findEvents/Seoul
GET /findEvents/Seoul
GET /findEvents/Kuwait
GET /findEvents/Almaty
GET /findEvents/Vientiane
GET /findEvents/Beirut
GET /findEvents/Castries
GET /findEvents/Colombo
GET /findEvents/Vilnius
GET /findEvents/Luxembourg
GET /findEvents/Riga
GET /findEvents/Tripoli
GET /findEvents/Casablanca
GET /findEvents/Chisinau
GET /findEvents/Podgorica
GET /findEvents/Antananarivo
GET /findEvents/Skopje
GET /findEvents/Bamako
GET /findEvents/Yangon
GET /findEvents/Ulaanbaatar
GET /findEvents/Macau
GET /findEvents/Nouakchott
GET /findEvents/Luqa
GET /findEvents/Mauritius
GET /findEvents/Male
GET /findEvents/Lilongwe
GET /findEvents/Cancun
GET /findEvents/Cancun
GET /findEvents/Beira
GET /findEvents/Windhoek
GET /findEvents/Noumea
GET /findEvents/Lagos
GET /findEvents/Managua
GET /findEvents/Amsterdam
GET /findEvents/Amsterdam
GET /findEvents/Oslo
GET /findEvents/Kathmandu
GET /findEvents/Christchurch
GET /findEvents/Auckland
GET /findEvents/Muscat
GET /findEvents/Lima
GET /findEvents/Papeete
GET /findEvents/Manila
GET /findEvents/Manila
GET /findEvents/Islamabad
GET /findEvents/Warsaw
GET /findEvents/Porto
GET /findEvents/Koror
GET /findEvents/Doha
GET /findEvents/Saint-Denis
GET /findEvents/Bucharest
GET /findEvents/Belgrade
GET /findEvents/Moscow
GET /findEvents/Kigali
GET /findEvents/Jeddah
GET /findEvents/Honiara
GET /findEvents/Khartoum
GET /findEvents/Stockholm
GET /findEvents/Singapore
GET /findEvents/Ljubljana
GET /findEvents/Freetown
GET /findEvents/Dakar
GET /findEvents/Hargeisa
GET /findEvents/Providenciales
GET /findEvents/N'Djamena
GET /findEvents/Lome
GET /findEvents/Bangkok
GET /findEvents/Dushanbe
GET /findEvents/Istanbul
GET /findEvents/Istanbul
GET /findEvents/Taipei
GET /findEvents/Taipei
GET /findEvents/Kilimanjaro
GET /findEvents/Odessa
GET /findEvents/Entebbe
GET /findEvents/London
GET /findEvents/London
GET /findEvents/Portland
GET /findEvents/Montevideo
GET /findEvents/Tashkent
GET /findEvents/Kingstown
GET /findEvents/Caracas
GET /findEvents/Apia
GET /findEvents/Johannesburg
GET /findEvents/Lusaka
GET /findEvents/Dili
GET /findEvents/Bujumbura
GET /findEvents/Sal
GET /findEvents/Banjul
GET /findEvents/Monrovia
GET /findEvents/Nuuk
GET /findEvents/Tongatapu
GET /findEvents/Saipan
GET /findEvents/Paramaribo
GET /findEvents/Sorvagur
GET /findEvents/Simferopol
GET /findEvents/Kosice
GET /findEvents/Juba
GET /validCities/10000
GET /findEvents/Dubai
GET /findEvents/Mazar-I-Sharif
GET /findEvents/Tirana
GET /findEvents/Yerevan
GET /findEvents/Luanda
GET /findEvents/Vienna
GET /findEvents/Perth
GET /findEvents/Sydney
GET /findEvents/Oranjestad
GET /findEvents/Baku
GET /findEvents/Sarajevo
GET /findEvents/Bridgetown
GET /findEvents/Dhaka
GET /findEvents/Brussels
GET /findEvents/Ouagadougou
GET /findEvents/Sofia
GET /findEvents/Bahrain
GET /findEvents/Cotonou
GET /findEvents/Hamilton
GET /findEvents/Bonaire
GET /findEvents/Nassau
GET /findEvents/Gaborone
GET /findEvents/Minsk
GET /findEvents/Vancouver
GET /findEvents/Vancouver
GET /findEvents/Kinshasa
GET /findEvents/Zurich
GET /findEvents/Basel
GET /findEvents/Abidjan
GET /findEvents/Rarotonga
GET /findEvents/Santiago
GET /findEvents/Douala
GET /findEvents/Beijing
GET /findEvents/Shanghai
GET /findEvents/Cartagena
GET /findEvents/Havana
GET /findEvents/Curacao
GET /findEvents/Larnaca
GET /findEvents/Prague
GET /findEvents/Munich
GET /findEvents/Stuttgart
GET /findEvents/Djibouti
GET /findEvents/Copenhagen
GET /findEvents/Copenhagen
GET /findEvents/Dominica
GET /findEvents/Santiago
GET /findEvents/Constantine
GET /findEvents/Quito
GET /findEvents/Tallinn
GET /findEvents/Cairo
GET /findEvents/Madrid
GET /findEvents/Helsinki
GET /findEvents/Nadi
GET /findEvents/Paris
GET /findEvents/Paris
GET /findEvents/Tbilisi
GET /findEvents/Cayenne
GET /findEvents/Accra
GET /findEvents/Gibraltar
GET /findEvents/Pointe-a-Pitre
GET /findEvents/Thessaloniki
GET /findEvents/Georgetown
GET /findEvents/Zagreb
GET /findEvents/Budapest
GET /findEvents/Dublin
GET /findEvents/Dublin
GET /findEvents/Delhi
GET /findEvents/Delhi
GET /findEvents/Baghdad
GET /findEvents/Tehran
GET /findEvents/Reykjavik
GET /findEvents/Turin
GET /findEvents/Amman
GET /findEvents/Okinawa
GET /findEvents/Tokyo
GET /findEvents/Nairobi
GET /findEvents/Bishkek
GET /findEvents/Basseterre
GET /findEvents/Pristina
GET /findEvents/Seoul
GET /findEvents/Seoul
GET /findEvents/Kuwait
GET /findEvents/Almaty
GET /findEvents/Vientiane
GET /findEvents/Beirut
GET /findEvents/Castries
GET /findEvents/Colombo
GET /findEvents/Vilnius
GET /findEvents/Luxembourg
GET /findEvents/Riga
GET /findEvents/Tripoli
GET /findEvents/Casablanca
GET /findEvents/Chisinau
GET /findEvents/Podgorica
GET /findEvents/Antananarivo
GET /findEvents/Skopje
GET /findEvents/Bamako
GET /findEvents/Yangon
GET /findEvents/Ulaanbaatar
GET /findEvents/Macau
GET /findEvents/Nouakchott
GET /findEvents/Luqa
GET /findEvents/Mauritius
GET /findEvents/Male
GET /findEvents/Lilongwe
GET /findEvents/Cancun
GET /findEvents/Cancun
GET /findEvents/Beira
GET /findEvents/Windhoek
GET /findEvents/Noumea
GET /findEvents/Lagos
GET /findEvents/Managua
GET /findEvents/Amsterdam
GET /findEvents/Amsterdam
GET /findEvents/Oslo
GET /findEvents/Kathmandu
GET /findEvents/Christchurch
GET /findEvents/Auckland
GET /findEvents/Muscat
GET /findEvents/Lima
GET /findEvents/Papeete
GET /findEvents/Manila
GET /findEvents/Manila
GET /findEvents/Islamabad
GET /findEvents/Warsaw
GET /findEvents/Porto
GET /findEvents/Koror
GET /findEvents/Doha
GET /findEvents/Saint-Denis
GET /findEvents/Bucharest
GET /findEvents/Belgrade
GET /findEvents/Moscow
GET /findEvents/Kigali
GET /findEvents/Jeddah
GET /findEvents/Honiara
GET /findEvents/Khartoum
GET /findEvents/Stockholm
GET /findEvents/Singapore
GET /findEvents/Ljubljana
GET /findEvents/Freetown
GET /findEvents/Dakar
GET /findEvents/Hargeisa
GET /findEvents/Providenciales
GET /findEvents/N'Djamena
GET /findEvents/Lome
GET /findEvents/Bangkok
GET /findEvents/Dushanbe
GET /findEvents/Istanbul
GET /findEvents/Istanbul
GET /findEvents/Taipei
GET /findEvents/Taipei
GET /findEvents/Kilimanjaro
GET /findEvents/Odessa
GET /findEvents/Entebbe
GET /findEvents/London
GET /findEvents/London
GET /findEvents/Portland
GET /findEvents/Montevideo
GET /findEvents/Tashkent
GET /findEvents/Kingstown
GET /findEvents/Caracas
GET /findEvents/Apia
GET /findEvents/Johannesburg
GET /findEvents/Lusaka
GET /findEvents/Dili
GET /findEvents/Bujumbura
GET /findEvents/Sal
GET /findEvents/Banjul
GET /findEvents/Monrovia
GET /findEvents/Nuuk
GET /findEvents/Tongatapu
GET /findEvents/Saipan
GET /findEvents/Paramaribo
GET /findEvents/Sorvagur
GET /findEvents/Simferopol
GET /findEvents/Kosice
GET /findEvents/Juba
GET /validCities/10000
GET /findEvents/Dubai
GET /findEvents/Mazar-I-Sharif
GET /findEvents/Tirana
GET /findEvents/Yerevan
GET /findEvents/Luanda
GET /findEvents/Vienna
GET /findEvents/Perth
GET /findEvents/Sydney
GET /findEvents/Oranjestad
GET /findEvents/Baku
GET /findEvents/Sarajevo
GET /findEvents/Bridgetown
GET /findEvents/Dhaka
GET /findEvents/Brussels
GET /findEvents/Ouagadougou
GET /findEvents/Sofia
GET /findEvents/Bahrain
GET /findEvents/Cotonou
GET /findEvents/Hamilton
GET /findEvents/Bonaire
GET /findEvents/Nassau
GET /findEvents/Gaborone
GET /findEvents/Minsk
GET /findEvents/Vancouver
GET /findEvents/Vancouver
GET /findEvents/Kinshasa
GET /findEvents/Zurich
GET /findEvents/Basel
GET /findEvents/Monrovia
GET /findEvents/Abidjan
GET /findEvents/Rarotonga
GET /findEvents/Santiago
GET /findEvents/Douala
GET /findEvents/Beijing
GET /findEvents/Shanghai
GET /findEvents/Cartagena
GET /findEvents/Havana
GET /findEvents/Curacao
GET /findEvents/Larnaca
GET /findEvents/Prague
GET /findEvents/Munich
GET /findEvents/Stuttgart
GET /findEvents/Djibouti
GET /findEvents/Copenhagen
GET /findEvents/Copenhagen
GET /findEvents/Dominica
GET /findEvents/Santiago
GET /findEvents/Constantine
GET /findEvents/Quito
GET /findEvents/Monrovia
GET /findEvents/Tallinn
GET /findEvents/Cairo
GET /findEvents/Madrid
GET /findEvents/Helsinki
GET /findEvents/Nadi
GET /findEvents/Paris
GET /findEvents/Paris
GET /findEvents/Tbilisi
GET /findEvents/Cayenne
GET /findEvents/Accra
GET /findEvents/Gibraltar
GET /findEvents/Pointe-a-Pitre
GET /findEvents/Thessaloniki
GET /findEvents/Georgetown
GET /findEvents/Zagreb
GET /findEvents/Budapest
GET /findEvents/Dublin
GET /findEvents/Dublin
GET /findEvents/Delhi
GET /findEvents/Delhi
GET /findEvents/Baghdad
GET /findEvents/Tehran
GET /findEvents/Reykjavik
GET /findEvents/Turin
GET /findEvents/Amman
GET /findEvents/Okinawa
GET /findEvents/London
GET /findEvents/Tokyo
GET /findEvents/Nairobi
GET /findEvents/Bishkek
GET /findEvents/Basseterre
GET /findEvents/Pristina
GET /findEvents/Seoul
GET /findEvents/Seoul
GET /findEvents/Kuwait
GET /findEvents/Almaty
GET /findEvents/Vientiane
GET /findEvents/Beirut
GET /findEvents/Castries
GET /findEvents/Colombo
GET /findEvents/Vilnius
GET /findEvents/Luxembourg
GET /findEvents/Riga
GET /findEvents/Tripoli
GET /findEvents/Casablanca
GET /findEvents/Chisinau
GET /findEvents/Podgorica
GET /findEvents/Antananarivo
GET /findEvents/Skopje
GET /findEvents/Bamako
GET /findEvents/Juba
GET /findEvents/Yangon
GET /findEvents/Ulaanbaatar
GET /findEvents/Macau
GET /findEvents/Nouakchott
GET /findEvents/Luqa
GET /findEvents/Mauritius
GET /findEvents/Male
GET /findEvents/Lilongwe
GET /findEvents/Cancun
GET /findEvents/Cancun
GET /findEvents/Beira
GET /findEvents/Windhoek
GET /findEvents/Noumea
GET /findEvents/Lagos
GET /findEvents/Managua
GET /findEvents/Amsterdam
GET /findEvents/Amsterdam
GET /findEvents/Oslo
GET /findEvents/Kathmandu
GET /findEvents/Christchurch
GET /findEvents/Auckland
GET /findEvents/Muscat
GET /findEvents/Lima
GET /findEvents/Papeete
GET /findEvents/Manila
GET /findEvents/Manila
GET /findEvents/Islamabad
GET /findEvents/Warsaw
GET /findEvents/Porto
GET /findEvents/Koror
GET /findEvents/Doha
GET /findEvents/Saint-Denis
GET /findEvents/Bucharest
GET /findEvents/Belgrade
GET /findEvents/Moscow
GET /findEvents/Kigali
GET /findEvents/Jeddah
GET /findEvents/Honiara
GET /findEvents/Khartoum
GET /findEvents/Stockholm
GET /findEvents/Singapore
GET /findEvents/Ljubljana
GET /findEvents/Freetown
GET /findEvents/Dakar
GET /findEvents/Hargeisa
GET /findEvents/Providenciales
GET /findEvents/N'Djamena
GET /findEvents/Lome
GET /findEvents/Bangkok
GET /findEvents/Dushanbe
GET /findEvents/Istanbul
GET /findEvents/Istanbul
GET /findEvents/Taipei
GET /findEvents/Taipei
GET /findEvents/Kilimanjaro
GET /findEvents/Odessa
GET /findEvents/Entebbe
GET /findEvents/London
GET /findEvents/London
GET /findEvents/Portland
GET /findEvents/Montevideo
GET /findEvents/Tashkent
GET /findEvents/Kingstown
GET /findEvents/Caracas
GET /findEvents/Apia
GET /findEvents/Johannesburg
GET /findEvents/Lusaka
GET /findEvents/Dili
GET /findEvents/Bujumbura
GET /findEvents/Sal
GET /findEvents/Banjul
GET /findEvents/Monrovia
GET /findEvents/Nuuk
GET /findEvents/Tongatapu
GET /findEvents/Saipan
GET /findEvents/Paramaribo
GET /findEvents/Sorvagur
GET /findEvents/Simferopol
GET /findEvents/Kosice
GET /findEvents/Juba
GET /validCities/10000
GET /findEvents/Dubai
GET /findEvents/Mazar-I-Sharif
GET /findEvents/Tirana
GET /findEvents/Yerevan
GET /findEvents/Luanda
GET /findEvents/Vienna
GET /findEvents/Perth
GET /findEvents/Sydney
GET /findEvents/Oranjestad
GET /findEvents/Baku
GET /findEvents/Sarajevo
GET /findEvents/Bridgetown
GET /findEvents/Dhaka
GET /findEvents/Brussels
GET /findEvents/Ouagadougou
GET /findEvents/Sofia
GET /findEvents/Bahrain
GET /findEvents/Cotonou
GET /findEvents/Hamilton
GET /findEvents/Bonaire
GET /findEvents/Nassau
GET /findEvents/Gaborone
GET /findEvents/Minsk
GET /findEvents/Vancouver
GET /findEvents/Vancouver
GET /findEvents/Kinshasa
GET /findEvents/Zurich
GET /findEvents/Basel
GET /findEvents/Abidjan
GET /findEvents/Rarotonga
GET /findEvents/Santiago
GET /findEvents/Douala
GET /findEvents/Beijing
GET /findEvents/Shanghai
GET /findEvents/Cartagena
GET /findEvents/Havana
GET /findEvents/Curacao
GET /findEvents/Larnaca
GET /findEvents/Prague
GET /findEvents/Munich
GET /findEvents/Stuttgart
GET /findEvents/Djibouti
GET /findEvents/Copenhagen
GET /findEvents/Copenhagen
GET /findEvents/Dominica
GET /findEvents/Santiago
GET /findEvents/Constantine
GET /findEvents/Quito
GET /findEvents/Tallinn
GET /findEvents/Cairo
GET /findEvents/Madrid
GET /findEvents/Helsinki
GET /findEvents/Nadi
GET /findEvents/Paris
GET /findEvents/Paris
GET /findEvents/Tbilisi
GET /findEvents/Cayenne
GET /findEvents/Accra
GET /findEvents/Gibraltar
GET /findEvents/Pointe-a-Pitre
GET /findEvents/Thessaloniki
GET /findEvents/Georgetown
GET /findEvents/Zagreb
GET /findEvents/Budapest
GET /findEvents/Dublin
GET /findEvents/Dublin
GET /findEvents/Delhi
GET /findEvents/Delhi
GET /findEvents/Baghdad
GET /findEvents/Tehran
GET /findEvents/Reykjavik
GET /findEvents/Turin
GET /findEvents/Amman
GET /findEvents/Okinawa
GET /findEvents/Tokyo
GET /findEvents/Nairobi
GET /findEvents/Bishkek
GET /findEvents/Basseterre
GET /findEvents/Pristina
GET /findEvents/Seoul
GET /findEvents/Seoul
GET /findEvents/Kuwait
GET /findEvents/Almaty
GET /findEvents/Vientiane
GET /findEvents/Beirut
GET /findEvents/Castries
GET /findEvents/Colombo
GET /findEvents/Vilnius
GET /findEvents/Luxembourg
GET /findEvents/Riga
GET /findEvents/Tripoli
GET /findEvents/Casablanca
GET /findEvents/Chisinau
GET /findEvents/Podgorica
GET /findEvents/Antananarivo
GET /findEvents/Skopje
GET /findEvents/Bamako
GET /findEvents/Yangon
GET /findEvents/Ulaanbaatar
GET /findEvents/Macau
GET /findEvents/Nouakchott
GET /findEvents/Luqa
GET /findEvents/Mauritius
GET /findEvents/Male
GET /findEvents/Lilongwe
GET /findEvents/Cancun
GET /findEvents/Cancun
GET /findEvents/Beira
GET /findEvents/Windhoek
GET /findEvents/Noumea
GET /findEvents/Lagos
GET /findEvents/Managua
GET /findEvents/Amsterdam
GET /findEvents/Amsterdam
GET /findEvents/Oslo
GET /findEvents/Kathmandu
GET /findEvents/Christchurch
GET /findEvents/Auckland
GET /findEvents/Muscat
GET /findEvents/Lima
GET /findEvents/Papeete
GET /findEvents/Manila
GET /findEvents/Manila
GET /findEvents/Islamabad
GET /findEvents/Warsaw
GET /findEvents/Porto
GET /findEvents/Koror
GET /findEvents/Doha
GET /findEvents/Saint-Denis
GET /findEvents/Bucharest
GET /findEvents/Belgrade
GET /findEvents/Moscow
GET /findEvents/Kigali
GET /findEvents/Jeddah
GET /findEvents/Honiara
GET /findEvents/Khartoum
GET /findEvents/Stockholm
GET /findEvents/Singapore
GET /findEvents/Ljubljana
GET /findEvents/Freetown
GET /findEvents/Dakar
GET /findEvents/Hargeisa
GET /findEvents/Providenciales
GET /findEvents/N'Djamena
GET /findEvents/Lome
GET /findEvents/Bangkok
GET /findEvents/Dushanbe
GET /findEvents/Istanbul
GET /findEvents/Istanbul
GET /findEvents/Taipei
GET /findEvents/Taipei
GET /findEvents/Kilimanjaro
GET /findEvents/Odessa
GET /findEvents/Entebbe
GET /findEvents/London
GET /findEvents/London
GET /findEvents/Portland
GET /findEvents/Montevideo
GET /findEvents/Tashkent
GET /findEvents/Kingstown
GET /findEvents/Caracas
GET /findEvents/Apia
GET /findEvents/Johannesburg
GET /findEvents/Lusaka
GET /findEvents/Dili
GET /findEvents/Bujumbura
GET /findEvents/Sal
GET /findEvents/Banjul
GET /findEvents/Monrovia
GET /findEvents/Nuuk
GET /findEvents/Tongatapu
GET /findEvents/Saipan
GET /findEvents/Paramaribo
GET /findEvents/Sorvagur
GET /findEvents/Simferopol
GET /findEvents/Kosice
GET /findEvents/Juba
GET /validCities/10000
GET /findEvents/Vancouver
GET /findEvents/Yerevan
GET /findEvents/Dominica
GET /findEvents/Kosice
GET /findEvents/Abidjan
GET /findEvents/Baku
GET /findEvents/Rarotonga
GET /findEvents/Perth
GET /findEvents/Apia
GET /findEvents/Colombo
GET /findEvents/Larnaca
GET /findEvents/Saipan
GET /findEvents/Tirana
GET /findEvents/Nadi
GET /findEvents/Antananarivo
GET /findEvents/Sarajevo
GET /findEvents/Luanda
GET /findEvents/Cotonou
GET /findEvents/Budapest
GET /findEvents/Minsk
GET /findEvents/Warsaw
GET /findEvents/Accra
GET /findEvents/Copenhagen
GET /findEvents/London
GET /findEvents/Brussels
GET /findEvents/Istanbul
GET /findEvents/Tongatapu
GET /findEvents/Kilimanjaro
GET /findEvents/Bridgetown
GET /findEvents/Saint-Denis
GET /findEvents/Ulaanbaatar
GET /findEvents/Vilnius
GET /findEvents/Simferopol
GET /findEvents/Managua
GET /findEvents/Skopje
GET /findEvents/Cairo
GET /findEvents/Tashkent
GET /findEvents/Hargeisa
GET /findEvents/Moscow
GET /findEvents/Amman
GET /findEvents/Casablanca
GET /findEvents/Khartoum
GET /findEvents/Jeddah
GET /findEvents/Lagos
GET /findEvents/Beirut
GET /findEvents/Nassau
GET /findEvents/Tokyo
GET /findEvents/Stuttgart
GET /findEvents/Gibraltar
GET /findEvents/Ljubljana
GET /findEvents/Castries
GET /findEvents/Doha
GET /findEvents/Singapore
GET /findEvents/Basel
GET /findEvents/Male
GET /findEvents/Kingstown
GET /findEvents/Paris
GET /findEvents/Islamabad
GET /findEvents/Cayenne
GET /findEvents/Paramaribo
GET /findEvents/Bucharest
GET /findEvents/Odessa
GET /findEvents/Lome
GET /findEvents/Dublin
GET /findEvents/Hamilton
GET /findEvents/Dubai
GET /findEvents/Windhoek
GET /findEvents/Zurich
GET /findEvents/Banjul
GET /findEvents/Bonaire
GET /findEvents/Bahrain
GET /findEvents/Sal
GET /findEvents/Cartagena
GET /findEvents/Auckland
GET /findEvents/Constantine
GET /findEvents/Bishkek
GET /findEvents/Montevideo
GET /findEvents/Christchurch
GET /findEvents/Nouakchott
GET /findEvents/Tehran
GET /findEvents/Freetown
GET /findEvents/Douala
GET /findEvents/Muscat
GET /findEvents/Noumea
GET /findEvents/Helsinki
GET /findEvents/Lima
GET /findEvents/Macau
GET /findEvents/Mazar-I-Sharif
GET /findEvents/Honiara
GET /findEvents/Gaborone
GET /findEvents/Seoul
GET /findEvents/Vientiane
GET /findEvents/Reykjavik
GET /findEvents/Delhi
GET /findEvents/Mauritius
GET /findEvents/Lilongwe
GET /findEvents/Zagreb
GET /findEvents/Providenciales
GET /findEvents/Bujumbura
GET /findEvents/Chisinau
GET /findEvents/Havana
GET /findEvents/Kinshasa
GET /findEvents/Sofia
GET /findEvents/Bamako
GET /findEvents/Turin
GET /findEvents/Stockholm
GET /findEvents/Porto
GET /findEvents/Almaty
GET /findEvents/Manila
GET /findEvents/Bangkok
GET /findEvents/Kuwait
GET /findEvents/Pristina
GET /findEvents/Basseterre
GET /findEvents/Dushanbe
GET /findEvents/Tallinn
GET /findEvents/Luxembourg
GET /findEvents/Georgetown
GET /findEvents/Madrid
GET /findEvents/Johannesburg
GET /findEvents/Koror
GET /findEvents/Sorvagur
GET /findEvents/Entebbe
GET /findEvents/Djibouti
GET /findEvents/Dili
GET /findEvents/Kathmandu
GET /findEvents/Tripoli
GET /findEvents/Thessaloniki
GET /findEvents/Munich
GET /findEvents/Portland
GET /findEvents/Quito
GET /findEvents/Pointe-a-Pitre
GET /findEvents/Oranjestad
GET /findEvents/Sydney
GET /findEvents/Juba
GET /findEvents/Papeete
GET /findEvents/Santiago
GET /findEvents/Vienna
GET /findEvents/Caracas
GET /findEvents/Amsterdam
GET /findEvents/Curacao
GET /findEvents/Taipei
GET /findEvents/Prague
GET /findEvents/Dhaka
GET /findEvents/Luqa
GET /findEvents/Cancun
GET /findEvents/Yangon
GET /findEvents/Riga
GET /findEvents/Dakar
GET /findEvents/Lusaka
GET /findEvents/Shanghai
GET /findEvents/Belgrade
GET /findEvents/Ouagadougou
GET /findEvents/Nuuk
GET /findEvents/Tbilisi
GET /findEvents/Baghdad
GET /findEvents/Monrovia
GET /findEvents/Beira
GET /findEvents/Oslo
GET /findEvents/Kigali
GET /findEvents/Nairobi
GET /findEvents/Okinawa
GET /findEvents/N'Djamena
GET /findEvents/Podgorica
GET /validCities/10000
GET /findEvents/Vancouver
GET /findEvents/Yerevan
GET /findEvents/Dominica
GET /findEvents/Kosice
GET /findEvents/Abidjan
GET /findEvents/Baku
GET /findEvents/Rarotonga
GET /findEvents/Perth
GET /findEvents/Apia
GET /findEvents/Colombo
GET /findEvents/Larnaca
GET /findEvents/Saipan
GET /findEvents/Tirana
GET /findEvents/Nadi
GET /findEvents/Antananarivo
GET /findEvents/Sarajevo
GET /findEvents/Luanda
GET /findEvents/Cotonou
GET /findEvents/Budapest
GET /findEvents/Minsk
GET /findEvents/Warsaw
GET /findEvents/Accra
GET /findEvents/Copenhagen
GET /findEvents/London
GET /findEvents/Brussels
GET /findEvents/Istanbul
GET /findEvents/Tongatapu
GET /findEvents/Kilimanjaro
GET /findEvents/Bridgetown
GET /findEvents/Saint-Denis
GET /findEvents/Ulaanbaatar
GET /findEvents/Vilnius
GET /findEvents/Simferopol
GET /findEvents/Managua
GET /findEvents/Skopje
GET /findEvents/Beijing
GET /findEvents/Cairo
GET /findEvents/Tashkent
GET /findEvents/Hargeisa
GET /findEvents/Moscow
GET /findEvents/Amman
GET /findEvents/Casablanca
GET /findEvents/Khartoum
GET /findEvents/Jeddah
GET /findEvents/Lagos
GET /findEvents/Beirut
GET /findEvents/Nassau
GET /findEvents/Tokyo
GET /findEvents/Stuttgart
GET /findEvents/Gibraltar
GET /findEvents/Ljubljana
GET /findEvents/Castries
GET /findEvents/Doha
GET /findEvents/Singapore
GET /findEvents/Basel
GET /findEvents/Male
GET /findEvents/Kingstown
GET /findEvents/Paris
GET /findEvents/Islamabad
GET /findEvents/Cayenne
GET /findEvents/Paramaribo
GET /findEvents/Bucharest
GET /findEvents/Odessa
GET /findEvents/Lome
GET /findEvents/Dublin
GET /findEvents/Hamilton
GET /findEvents/Dubai
GET /findEvents/Windhoek
GET /findEvents/Zurich
GET /findEvents/Banjul
GET /findEvents/Bonaire
GET /findEvents/Bahrain
GET /findEvents/Sal
GET /findEvents/Cartagena
GET /findEvents/Auckland
GET /findEvents/Constantine
GET /findEvents/Bishkek
GET /findEvents/Montevideo
GET /findEvents/Christchurch
GET /findEvents/Nouakchott
GET /findEvents/Tehran
GET /findEvents/Freetown
GET /findEvents/Douala
GET /findEvents/Muscat
GET /findEvents/Noumea
GET /findEvents/Helsinki
GET /findEvents/Lima
GET /findEvents/Macau
GET /findEvents/Mazar-I-Sharif
GET /findEvents/Honiara
GET /findEvents/Gaborone
GET /findEvents/Seoul
GET /findEvents/Vientiane
GET /findEvents/Reykjavik
GET /findEvents/Delhi
GET /findEvents/Mauritius
GET /findEvents/Lilongwe
GET /findEvents/Zagreb
GET /findEvents/Providenciales
GET /findEvents/Bujumbura
GET /findEvents/Chisinau
GET /findEvents/Havana
GET /findEvents/Kinshasa
GET /findEvents/Sofia
GET /findEvents/Bamako
GET /findEvents/Turin
GET /findEvents/Stockholm
GET /findEvents/Porto
GET /findEvents/Almaty
GET /findEvents/Manila
GET /findEvents/Bangkok
GET /findEvents/Kuwait
GET /findEvents/Pristina
GET /findEvents/Basseterre
GET /findEvents/Dushanbe
GET /findEvents/Tallinn
GET /findEvents/Luxembourg
GET /findEvents/Georgetown
GET /findEvents/Madrid
GET /findEvents/Johannesburg
GET /findEvents/Koror
GET /findEvents/Sorvagur
GET /findEvents/Entebbe
GET /findEvents/Djibouti
GET /findEvents/Dili
GET /findEvents/Kathmandu
GET /findEvents/Tripoli
GET /findEvents/Thessaloniki
GET /findEvents/Munich
GET /findEvents/Portland
GET /findEvents/Quito
GET /findEvents/Pointe-a-Pitre
GET /findEvents/Oranjestad
GET /findEvents/Sydney
GET /findEvents/Juba
GET /findEvents/Papeete
GET /findEvents/Santiago
GET /findEvents/Vienna
GET /findEvents/Caracas
GET /findEvents/Amsterdam
GET /findEvents/Curacao
GET /findEvents/Taipei
GET /findEvents/Prague
GET /findEvents/Dhaka
GET /findEvents/Luqa
GET /findEvents/Cancun
GET /findEvents/Yangon
GET /findEvents/Riga
GET /findEvents/Dakar
GET /findEvents/Lusaka
GET /findEvents/Shanghai
GET /findEvents/Belgrade
GET /findEvents/Ouagadougou
GET /findEvents/Nuuk
GET /findEvents/Tbilisi
GET /findEvents/Baghdad
GET /findEvents/Monrovia
GET /findEvents/Beira
GET /findEvents/Oslo
GET /findEvents/Kigali
GET /findEvents/Nairobi
GET /findEvents/Okinawa
GET /findEvents/N'Djamena
GET /findEvents/Podgorica
listening at port 3000
GET /findEvents/New%20York
GET /findEvents/Juba
listening at port 3000
GET /findEvents/New%20York
GET /validCities/100
GET /validCities/300
GET /findEvents/Cancun
GET /findEvents/Portland
GET /findEvents/Vancouver
GET /findEvents/Las%20Vegas
listening at port 3000
events.js:85
      throw er; // Unhandled 'error' event
            ^
Error: listen EADDRINUSE
    at exports._errnoException (util.js:746:11)
    at Server._listen2 (net.js:1156:14)
    at listen (net.js:1182:10)
    at Server.listen (net.js:1267:5)
    at EventEmitter.listen (/home/ubuntu/hackathon/node_modules/express/lib/application.js:617:24)
    at Object.<anonymous> (/home/ubuntu/hackathon/server.js:32:5)
    at Module._compile (module.js:460:26)
    at Object.Module._extensions..js (module.js:478:10)
    at Module.load (module.js:355:32)
    at Function.Module._load (module.js:310:12)
GET /validCities/300
GET /findEvents/Cancun
GET /findEvents/Portland
GET /findEvents/Vancouver
listening at port 3000
GET /search?origin=SFOA&destination=NYCA&departDate=2015-11-21&arriveDate=2015-11-30
GET /validCities/300
GET /findEvents/Cancun
GET /findEvents/Portland
GET /findEvents/Vancouver
GET /validCities/300
GET /findEvents/Cancun
GET /findEvents/Portland
GET /findEvents/Vancouver
GET /validCities/300
GET /findEvents/Cancun
GET /findEvents/Portland
GET /findEvents/Vancouver
GET /validCities/300
GET /findEvents/Cancun
GET /findEvents/Portland
GET /findEvents/Vancouver
listening at port 3000
events.js:85
      throw er; // Unhandled 'error' event
            ^
Error: listen EADDRINUSE
    at exports._errnoException (util.js:746:11)
    at Server._listen2 (net.js:1156:14)
    at listen (net.js:1182:10)
    at Server.listen (net.js:1267:5)
    at EventEmitter.listen (/home/ubuntu/hackathon/node_modules/express/lib/application.js:617:24)
    at Object.<anonymous> (/home/ubuntu/hackathon/server.js:33:5)
    at Module._compile (module.js:460:26)
    at Object.Module._extensions..js (module.js:478:10)
    at Module.load (module.js:355:32)
    at Function.Module._load (module.js:310:12)
listening at port 3000
GET /search?origin=SFOA&destination=NYCA&departDate=2015-11-21&arriveDate=2015-11-30
GET /search?origin=SFOA&destination=NYCA&departDate=2015-11-21&arriveDate=2015-11-30
GET /search?origin=SFOA&destination=NYCA&departDate=2015-11-21&arriveDate=2015-11-30
GET /validCities/300
GET /search?origin=SFOA&destination=NYCA&departDate=2015-11-21&arriveDate=2015-11-30
GET /findEvents/Cancun
GET /findEvents/Portland
GET /findEvents/Vancouver
